<?xml version="1.0" encoding="UTF-8"?>
<!-- Generated by org.testng.reporters.JUnitReportReporter -->
<testsuite hostname="DESKTOP-6FJ0T90" failures="0" tests="1" name="Cucumber.TestNGTestRunner" time="2.560" errors="0" timestamp="2022-12-11T23:40:32 WEST" skipped="0">
  <testcase classname="Cucumber.TestNGTestRunner" name="runScenario" time="2.560"/>
  <system-out/>
</testsuite> <!-- Cucumber.TestNGTestRunner -->
